<?xml version="1.0" encoding="UTF-8"?>
<testsuite name="dominio.unitaria.VendedorTest" tests="2" skipped="0" failures="0" errors="0" timestamp="2019-06-18T23:40:42" hostname="DESKTOP-2H2IQRD" time="0.198">
  <properties/>
  <testcase name="productoNoTieneGarantiaTest" classname="dominio.unitaria.VendedorTest" time="0.196"/>
  <testcase name="productoYaTieneGarantiaTest" classname="dominio.unitaria.VendedorTest" time="0.001"/>
  <system-out><![CDATA[]]></system-out>
  <system-err><![CDATA[]]></system-err>
</testsuite>
